<?xml version="1.0" encoding="UTF-8"?>
<testsuite name="Matrix" tests="4" skipped="0" failures="0" errors="0" timestamp="2023-01-25T10:58:25" hostname="DESKTOP-752K1B1" time="0.453">
  <properties/>
  <testcase name="Determinant" classname="Matrix" time="0.436"/>
  <testcase name="Transpose" classname="Matrix" time="0.006"/>
  <testcase name="Inverse" classname="Matrix" time="0.004"/>
  <testcase name="Cofactor" classname="Matrix" time="0.006"/>
  <system-out><![CDATA[]]></system-out>
  <system-err><![CDATA[]]></system-err>
</testsuite>
